<?xml version="1.0" encoding="UTF-8"?>
<!-- Generated by org.testng.reporters.JUnitReportReporter -->
<testsuite hostname="LAPTOP-FR3EL910" failures="0" tests="2" name="cucumberOptions.accessfintechRunner" time="25.190" errors="0" timestamp="2022-03-12T17:19:36 IST" skipped="0">
  <testcase classname="cucumberOptions.accessfintechRunner" name="runScenario" time="15.257"/>
  <system-out/>
  <testcase classname="cucumberOptions.accessfintechRunner" name="runScenario" time="9.933"/>
  <system-out/>
</testsuite> <!-- cucumberOptions.accessfintechRunner -->
