<?xml version="1.0" encoding="UTF-8"?>
<!-- Generated by org.testng.reporters.JUnitReportReporter -->
<testsuite skipped="0" hostname="LAPTOP-FR3EL910" name="cucumberOptions.Runner" tests="4" failures="0" timestamp="2022-03-14T02:01:46 IST" time="25.992" errors="0">
  <testcase name="runScenario" time="7.569" classname="cucumberOptions.Runner"/>
  <system-out/>
  <testcase name="runScenario" time="8.230" classname="cucumberOptions.Runner"/>
  <system-out/>
  <testcase name="runScenario" time="3.367" classname="cucumberOptions.Runner"/>
  <system-out/>
  <testcase name="runScenario" time="6.826" classname="cucumberOptions.Runner"/>
  <system-out/>
</testsuite> <!-- cucumberOptions.Runner -->
